<?xml version="1.0" encoding="UTF-8"?>
<!-- Generated by org.testng.reporters.JUnitReportReporter -->
<testsuite skipped="0" hostname="DESKTOP-BNEULTM" name="dev.payference.HomePageTest" tests="2" failures="0" timestamp="2020-03-31T23:36:50 CEST" time="60.321" errors="0">
  <testcase name="homepageEvents" time="48.501" classname="dev.payference.HomePageTest"/>
  <system-out/>
  <testcase name="demo" time="11.820" classname="dev.payference.HomePageTest"/>
  <system-out/>
</testsuite> <!-- dev.payference.HomePageTest -->
