<?xml version="1.0" encoding="UTF-8"?>
<!-- Generated by org.testng.reporters.JUnitReportReporter -->
<testsuite skipped="0" hostname="DESKTOP-BNEULTM" name="dev.payference.HomePageTest" tests="2" failures="0" timestamp="2020-03-31T23:41:25 CEST" time="60.943" errors="0">
  <testcase name="demo" time="12.072" classname="dev.payference.HomePageTest"/>
  <system-out/>
  <testcase name="homepageEvents" time="48.871" classname="dev.payference.HomePageTest"/>
  <system-out/>
</testsuite> <!-- dev.payference.HomePageTest -->
