<?xml version="1.0" encoding="UTF-8"?>
<!-- Generated by org.testng.reporters.JUnitReportReporter -->
<testsuite skipped="0" hostname="DESKTOP-BNEULTM" name="dev.payference.LoginPageTest" tests="1" failures="0" timestamp="2020-03-31T23:41:25 CEST" time="0.393" errors="0">
  <testcase name="landingPageNav" time="0.393" classname="dev.payference.LoginPageTest"/>
  <system-out/>
</testsuite> <!-- dev.payference.LoginPageTest -->
